c:\users\ahmed hossam\desktop\new folder\project_last_version_assembly\debug\project.exe
c:\users\ahmed hossam\desktop\new folder\project_last_version_assembly\debug\project.ilk
c:\users\ahmed hossam\desktop\new folder\project_last_version_assembly\debug\project.pdb
c:\users\ahmed hossam\desktop\new folder\project_last_version_assembly\debug\main.obj
c:\users\ahmed hossam\desktop\new folder\project_last_version_assembly\debug\project.tlog\link.12508.delete.1.tlog
c:\users\ahmed hossam\desktop\new folder\project_last_version_assembly\debug\project.tlog\link.12728.delete.1.tlog
c:\users\ahmed hossam\desktop\new folder\project_last_version_assembly\debug\project.tlog\link.13072.delete.1.tlog
c:\users\ahmed hossam\desktop\new folder\project_last_version_assembly\debug\project.tlog\link.13576.delete.1.tlog
c:\users\ahmed hossam\desktop\new folder\project_last_version_assembly\debug\project.tlog\link.14120.delete.1.tlog
c:\users\ahmed hossam\desktop\new folder\project_last_version_assembly\debug\project.tlog\link.15356.delete.1.tlog
c:\users\ahmed hossam\desktop\new folder\project_last_version_assembly\debug\project.tlog\link.15644.delete.1.tlog
c:\users\ahmed hossam\desktop\new folder\project_last_version_assembly\debug\project.tlog\link.15860.delete.1.tlog
c:\users\ahmed hossam\desktop\new folder\project_last_version_assembly\debug\project.tlog\link.16092.delete.1.tlog
c:\users\ahmed hossam\desktop\new folder\project_last_version_assembly\debug\project.tlog\link.1852.delete.1.tlog
c:\users\ahmed hossam\desktop\new folder\project_last_version_assembly\debug\project.tlog\link.4412.delete.1.tlog
c:\users\ahmed hossam\desktop\new folder\project_last_version_assembly\debug\project.tlog\link.5500.delete.1.tlog
c:\users\ahmed hossam\desktop\new folder\project_last_version_assembly\debug\project.tlog\link.5644.delete.1.tlog
c:\users\ahmed hossam\desktop\new folder\project_last_version_assembly\debug\project.tlog\link.6064.delete.1.tlog
c:\users\ahmed hossam\desktop\new folder\project_last_version_assembly\debug\project.tlog\link.8016.delete.1.tlog
c:\users\ahmed hossam\desktop\new folder\project_last_version_assembly\debug\project.tlog\link.8064.delete.1.tlog
c:\users\ahmed hossam\desktop\new folder\project_last_version_assembly\debug\project.tlog\link.9472.delete.1.tlog
c:\users\ahmed hossam\desktop\new folder\project_last_version_assembly\debug\project.tlog\link.command.1.tlog
c:\users\ahmed hossam\desktop\new folder\project_last_version_assembly\debug\project.tlog\link.read.1.tlog
c:\users\ahmed hossam\desktop\new folder\project_last_version_assembly\debug\project.tlog\link.write.1.tlog
c:\users\ahmed hossam\desktop\new folder\project_last_version_assembly\debug\project.tlog\masm.read.1u.tlog
c:\users\ahmed hossam\desktop\new folder\project_last_version_assembly\debug\project.tlog\masm.write.1u.tlog
